# JRE version: 7.0_04-b22
# Java VM: Java HotSpot(TM) 64-Bit Server VM (23.0-b21 mixed mode windows-amd64 compressed oops)
Heap
 PSYoungGen      total 18688K, used 5154K [0x00000000eb200000, 0x00000000ec6d0000, 0x0000000000000000)
  eden space 16064K, 25% used [0x00000000eb200000,0x00000000eb5fa8d8,0x00000000ec1b0000)
  from space 2624K, 41% used [0x00000000ec440000,0x00000000ec54e058,0x00000000ec6d0000)
  to   space 2624K, 0% used [0x00000000ec1b0000,0x00000000ec1b0000,0x00000000ec440000)
 ParOldGen       total 42752K, used 16K [0x00000000c1600000, 0x00000000c3fc0000, 0x00000000eb200000)
  object space 42752K, 0% used [0x00000000c1600000,0x00000000c1604000,0x00000000c3fc0000)
 PSPermGen       total 21248K, used 6230K [0x00000000bc400000, 0x00000000bd8c0000, 0x00000000c1600000)
  object space 21248K, 29% used [0x00000000bc400000,0x00000000bca15be0,0x00000000bd8c0000)
GC Heap History (4 events):
Event: 1.051 GC heap before
{Heap before GC invocations=1 (full 0):
 PSYoungGen      total 18688K, used 16064K [0x00000000eb200000, 0x00000000ec6d0000, 0x0000000000000000)
  eden space 16064K, 100% used [0x00000000eb200000,0x00000000ec1b0000,0x00000000ec1b0000)
  from space 2624K, 0% used [0x00000000ec440000,0x00000000ec440000,0x00000000ec6d0000)
  to   space 2624K, 0% used [0x00000000ec1b0000,0x00000000ec1b0000,0x00000000ec440000)
 ParOldGen       total 42752K, used 0K [0x00000000c1600000, 0x00000000c3fc0000, 0x00000000eb200000)
  object space 42752K, 0% used [0x00000000c1600000,0x00000000c1600000,0x00000000c3fc0000)
 PSPermGen       total 21248K, used 5853K [0x00000000bc400000, 0x00000000bd8c0000, 0x00000000c1600000)
  object space 21248K, 27% used [0x00000000bc400000,0x00000000bc9b7428,0x00000000bd8c0000)
Event: 1.056 GC heap after
Heap after GC invocations=1 (full 0):
 PSYoungGen      total 18688K, used 2380K [0x00000000eb200000, 0x00000000ec6d0000, 0x0000000000000000)
  eden space 16064K, 0% used [0x00000000eb200000,0x00000000eb200000,0x00000000ec1b0000)
  from space 2624K, 90% used [0x00000000ec1b0000,0x00000000ec403158,0x00000000ec440000)
  to   space 2624K, 0% used [0x00000000ec440000,0x00000000ec440000,0x00000000ec6d0000)
 ParOldGen       total 42752K, used 8K [0x00000000c1600000, 0x00000000c3fc0000, 0x00000000eb200000)
  object space 42752K, 0% used [0x00000000c1600000,0x00000000c1602000,0x00000000c3fc0000)
 PSPermGen       total 21248K, used 5853K [0x00000000bc400000, 0x00000000bd8c0000, 0x00000000c1600000)
  object space 21248K, 27% used [0x00000000bc400000,0x00000000bc9b7428,0x00000000bd8c0000)
}
Event: 1.189 GC heap before
{Heap before GC invocations=2 (full 0):
 PSYoungGen      total 18688K, used 18444K [0x00000000eb200000, 0x00000000ec6d0000, 0x0000000000000000)
  eden space 16064K, 100% used [0x00000000eb200000,0x00000000ec1b0000,0x00000000ec1b0000)
  from space 2624K, 90% used [0x00000000ec1b0000,0x00000000ec403158,0x00000000ec440000)
  to   space 2624K, 0% used [0x00000000ec440000,0x00000000ec440000,0x00000000ec6d0000)
 ParOldGen       total 42752K, used 8K [0x00000000c1600000, 0x00000000c3fc0000, 0x00000000eb200000)
  object space 42752K, 0% used [0x00000000c1600000,0x00000000c1602000,0x00000000c3fc0000)
 PSPermGen       total 21248K, used 5855K [0x00000000bc400000, 0x00000000bd8c0000, 0x00000000c1600000)
  object space 21248K, 27% used [0x00000000bc400000,0x00000000bc9b7fe8,0x00000000bd8c0000)
Event: 1.191 GC heap after
Heap after GC invocations=2 (full 0):
 PSYoungGen      total 18688K, used 1080K [0x00000000eb200000, 0x00000000ec6d0000, 0x0000000000000000)
  eden space 16064K, 0% used [0x00000000eb200000,0x00000000eb200000,0x00000000ec1b0000)
  from space 2624K, 41% used [0x00000000ec440000,0x00000000ec54e058,0x00000000ec6d0000)
  to   space 2624K, 0% used [0x00000000ec1b0000,0x00000000ec1b0000,0x00000000ec440000)
 ParOldGen       total 42752K, used 16K [0x00000000c1600000, 0x00000000c3fc0000, 0x00000000eb200000)
  object space 42752K, 0% used [0x00000000c1600000,0x00000000c1604000,0x00000000c3fc0000)
 PSPermGen       total 21248K, used 5855K [0x00000000bc400000, 0x00000000bd8c0000, 0x00000000c1600000)
  object space 21248K, 27% used [0x00000000bc400000,0x00000000bc9b7fe8,0x00000000bd8c0000)
}

